<?xml version="1.0" encoding="UTF-8"?>
<!-- Generated by org.testng.reporters.JUnitXMLReporter -->
<testsuite ignored="0" hostname="DESKTOP-C51NR62" failures="0" tests="4" name="Test" time="22.843" errors="0" timestamp="2024-11-29T11:04:19 IST">
  <testcase classname="Generic.Testcase2" name="dis" time="0.151"/>
  <testcase classname="Generic.Testcase1" name="usn" time="0.152"/>
  <testcase classname="Generic.Testcase4" name="sou" time="0.109"/>
  <testcase classname="Generic.Testcase3" name="title" time="0.019"/>
</testsuite> <!-- Test -->
